<?xml version="1.0" encoding="UTF-8"?>
<robot generator="Robot 7.0 (Python 3.11.2 on win32)" generated="2024-07-20T08:55:56.852122" rpa="false" schemaversion="5">
<suite id="s1" name="Search" source="C:\Users\pedro.candido\Desktop\PEDRO\ESTUDOS-QA\Teste-Robot\Tests\search.robot">
<test id="s1-t1" name="Validar tela de Pesquisa no site teste da Plusoft" line="8">
<kw name="Set Variable" owner="BuiltIn">
<msg time="2024-07-20T08:55:58.427997" level="INFO">${search} = Resultado 1</msg>
<var>${search}</var>
<arg>Resultado 1</arg>
<doc>Returns the given values which can then be assigned to a variables.</doc>
<status status="PASS" start="2024-07-20T08:55:58.427000" elapsed="0.000997"/>
</kw>
<kw name="New Browser" owner="Browser">
<msg time="2024-07-20T08:55:58.428571" level="INFO">{"browser": "chromium", "headless": false, "chromiumSandbox": false, "devtools": false, "handleSIGHUP": true, "handleSIGINT": true, "handleSIGTERM": true, "slowMo": 0.0, "timeout": 30000.0, "tracesDir": "C:\\Users\\pedro.candido\\Desktop\\PEDRO\\ESTUDOS-QA\\Teste-Robot\\Tests\\logs\\browser\\traces\\554c7547-8c34-4ffc-bbbe-f2cea7964020"}</msg>
<msg time="2024-07-20T08:55:59.668645" level="INFO">Successfully created browser with options: {"browser":"chromium","headless":false,"chromiumSandbox":false,"devtools":false,"handleSIGHUP":true,"handleSIGINT":true,"handleSIGTERM":true,"slowMo":0,"timeout":30000,"tracesDir":"C:\\Users\\pedro.candido\\Desktop\\PEDRO\\ESTUDOS-QA\\Teste-Robot\\Tests\\logs\\browser\\traces\\554c7547-8c34-4ffc-bbbe-f2cea7964020"}</msg>
<arg>browser=chromium</arg>
<arg>headless=False</arg>
<tag>BrowserControl</tag>
<tag>Setter</tag>
<doc>Create a new playwright Browser with specified options.</doc>
<status status="PASS" start="2024-07-20T08:55:58.428571" elapsed="1.240074"/>
</kw>
<kw name="New Page" owner="Browser">
<msg time="2024-07-20T08:56:00.451022" level="INFO">Successfully initialized new page object and opened url: http://127.0.0.1:5500/HTML/search.html</msg>
<msg time="2024-07-20T08:56:00.451022" level="INFO">No context was open. New context was automatically opened when this page is created.</msg>
<arg>http://127.0.0.1:5500/HTML/search.html</arg>
<tag>BrowserControl</tag>
<tag>Setter</tag>
<doc>Open a new Page.</doc>
<status status="PASS" start="2024-07-20T08:55:59.669642" elapsed="0.782378"/>
</kw>
<kw name="Wait For Elements State" owner="Browser">
<msg time="2024-07-20T08:56:00.537311" level="INFO">Waited for Element with selector body h2 at state visible</msg>
<arg>body h2</arg>
<arg>visible</arg>
<arg>5000</arg>
<tag>PageContent</tag>
<tag>Wait</tag>
<doc>Waits for the element found by ``selector`` to satisfy state option.</doc>
<status status="PASS" start="2024-07-20T08:56:00.453017" elapsed="0.084294"/>
</kw>
<kw name="Get Text" owner="Browser">
<msg time="2024-07-20T08:56:00.603371" level="INFO">Text: 'Busca'</msg>
<arg>body h2</arg>
<arg>equal</arg>
<arg>Busca</arg>
<tag>Assertion</tag>
<tag>Getter</tag>
<tag>PageContent</tag>
<doc>Returns text attribute of the element found by ``selector``.</doc>
<status status="PASS" start="2024-07-20T08:56:00.538310" elapsed="0.065061"/>
</kw>
<kw name="Fill Text" owner="Browser">
<msg time="2024-07-20T08:56:00.606372" level="INFO">Fills the text 'Resultado 1' in the given field.</msg>
<arg>css=input[id=search_input]</arg>
<arg>${search}</arg>
<tag>PageContent</tag>
<tag>Setter</tag>
<doc>Clears and fills the given ``txt`` into the text field found by ``selector``.</doc>
<status status="PASS" start="2024-07-20T08:56:00.604369" elapsed="0.040893"/>
</kw>
<kw name="Click" owner="Browser">
<arg>css=button[id=search_button]</arg>
<tag>PageContent</tag>
<tag>Setter</tag>
<doc>Simulates mouse click on the element found by ``selector``.</doc>
<status status="PASS" start="2024-07-20T08:56:00.646258" elapsed="0.168663"/>
</kw>
<kw name="Get Property" owner="Browser">
<msg time="2024-07-20T08:56:00.816883" level="FAIL">ValueError: Argument 'assertion_operator' got value 'Resultado 1' that cannot be converted to AssertionOperator or None.</msg>
<arg>css=h2</arg>
<arg>value equal</arg>
<arg>${search}</arg>
<tag>Assertion</tag>
<tag>Getter</tag>
<tag>PageContent</tag>
<doc>Returns the ``property`` of the element found by ``selector``.</doc>
<status status="FAIL" start="2024-07-20T08:56:00.815884" elapsed="0.000999">ValueError: Argument 'assertion_operator' got value 'Resultado 1' that cannot be converted to AssertionOperator or None.</status>
</kw>
<kw name="Sleep" owner="BuiltIn">
<arg>10</arg>
<doc>Pauses the test executed for the given time.</doc>
<status status="NOT RUN" start="2024-07-20T08:56:00.817913" elapsed="0.000000"/>
</kw>
<status status="FAIL" start="2024-07-20T08:55:58.424008" elapsed="2.394870">ValueError: Argument 'assertion_operator' got value 'Resultado 1' that cannot be converted to AssertionOperator or None.</status>
</test>
<doc>Suite de testes na tela de Pesquisa no teste da Plusoft</doc>
<status status="FAIL" start="2024-07-20T08:55:56.854117" elapsed="4.093819"/>
</suite>
<statistics>
<total>
<stat pass="0" fail="1" skip="0">All Tests</stat>
</total>
<tag>
</tag>
<suite>
<stat pass="0" fail="1" skip="0" id="s1" name="Search">Search</stat>
</suite>
</statistics>
<errors>
</errors>
</robot>
